=== GATLING TEST EXECUTION START ===
Execution ID: run-014f3712-c46e-45bd-9caf-60db7e33fc03
Simulation Class: bci.cards.simulation.BcimsInformacionBasicaTpsSimulation
Config File: /app/data/executions/run-014f3712-c46e-45bd-9caf-60db7e33fc03/configuration.yaml
Users File: /app/data/executions/run-014f3712-c46e-45bd-9caf-60db7e33fc03/users.csv (exists: false)
Java Command: java
Classpath: /opt/gatling/classes:/opt/gatling/lib/*
Working Dir: /app/data/executions/run-014f3712-c46e-45bd-9caf-60db7e33fc03
========================================

Picked up JAVA_TOOL_OPTIONS: -XX:+UseG1GC -Xms32m -Xmx160m -XX:MaxMetaspaceSize=128m
Simulation bci.cards.simulation.BcimsInformacionBasicaTpsSimulation started...
20:46:04.471 ERROR i.g.h.a.HttpRequestAction - Failed to build request POST Login Dinámico: url  can't be parsed into an Uri: j.l.IllegalArgumentException: '' could not be parsed into a proper Uri, missing scheme
20:46:04.471 ERROR i.g.h.a.HttpRequestAction - Failed to build request POST Login Dinámico: url  can't be parsed into an Uri: j.l.IllegalArgumentException: '' could not be parsed into a proper Uri, missing scheme
20:46:04.471 ERROR i.g.h.a.HttpRequestAction - Failed to build request POST Login Dinámico: url  can't be parsed into an Uri: j.l.IllegalArgumentException: '' could not be parsed into a proper Uri, missing scheme

========================================================================================================================
2026-07-17 20:46:04 GMT                                                                               0s elapsed
---- Requests -----------------------------------------------------------------------|---Total---|-----OK----|----KO----
> Global                                                                             |         0 |         0 |         0

---- Errors ------------------------------------------------------------------------------------------------------------
> POST Login Dinámico: url  can't be parsed into an Uri: j.l.IllegalArgumentException: '' could not b         3   (100%)
e parsed into a proper Uri, missing scheme 

---- Flujo TPS - Deuda Mora --------------------------------------------------------------------------------------------
[###############################################################################################################]   100%
          waiting:         0 / active:         0  / done:         1
---- Flujo TPS - Tarjetas ----------------------------------------------------------------------------------------------
[###############################################################################################################]   100%
          waiting:         0 / active:         0  / done:         1
---- Flujo TPS - Saldos Tarjeta ----------------------------------------------------------------------------------------
[###############################################################################################################]   100%
          waiting:         0 / active:         0  / done:         1
========================================================================================================================

Parsing log file(s)...
Parsing log file(s) done in 0s.
Generating reports...
Exception in thread "main" java.lang.UnsupportedOperationException: There were no requests sent during the simulation, reports won't be generated
	at io.gatling.charts.report.ReportsGenerator.generateFor(ReportsGenerator.scala:52)
	at io.gatling.app.RunResultProcessor.generateReports(RunResultProcessor.scala:67)
	at io.gatling.app.RunResultProcessor.processRunResult(RunResultProcessor.scala:38)
	at io.gatling.app.Gatling$.start(Gatling.scala:100)
	at io.gatling.app.Gatling$.fromArgs(Gatling.scala:46)
	at io.gatling.app.Gatling$.main(Gatling.scala:40)
	at io.gatling.app.Gatling.main(Gatling.scala)
