=== GATLING TEST EXECUTION START ===
Execution ID: run-75bcb1ae-dedc-4ea3-9eef-f9c33d55ce15
Simulation Class: bci.cards.simulation.BcimsInformacionBasicaPeakSimulation
Config File: /app/data/executions/run-75bcb1ae-dedc-4ea3-9eef-f9c33d55ce15/configuration.yaml
Users File: /app/data/executions/run-75bcb1ae-dedc-4ea3-9eef-f9c33d55ce15/users.csv (exists: false)
Java Command: java
Classpath: /opt/gatling/classes:/opt/gatling/lib/*
Working Dir: /app/data/executions/run-75bcb1ae-dedc-4ea3-9eef-f9c33d55ce15
========================================

Picked up JAVA_TOOL_OPTIONS: -XX:+UseG1GC -Xms32m -Xmx160m -XX:MaxMetaspaceSize=128m
Simulation bci.cards.simulation.BcimsInformacionBasicaPeakSimulation started...
20:45:00.575 ERROR i.g.h.a.HttpRequestAction - Failed to build request POST Login Dinámico: url  can't be parsed into an Uri: j.l.IllegalArgumentException: '' could not be parsed into a proper Uri, missing scheme
20:45:00.575 ERROR i.g.h.a.HttpRequestAction - Failed to build request POST Login Dinámico: url  can't be parsed into an Uri: j.l.IllegalArgumentException: '' could not be parsed into a proper Uri, missing scheme
20:45:00.575 ERROR i.g.h.a.HttpRequestAction - Failed to build request POST Login Dinámico: url  can't be parsed into an Uri: j.l.IllegalArgumentException: '' could not be parsed into a proper Uri, missing scheme

========================================================================================================================
2026-07-17 20:45:00 GMT                                                                               0s elapsed
---- Requests -----------------------------------------------------------------------|---Total---|-----OK----|----KO----
> Global                                                                             |         0 |         0 |         0

---- Errors ------------------------------------------------------------------------------------------------------------
> POST Login Dinámico: url  can't be parsed into an Uri: j.l.IllegalArgumentException: '' could not b         3   (100%)
e parsed into a proper Uri, missing scheme 

---- Flujo PEAK - Saldos Tarjeta ---------------------------------------------------------------------------------------
[###############################################################################################################]   100%
          waiting:         0 / active:         0  / done:         1
---- Flujo PEAK - Deuda Mora -------------------------------------------------------------------------------------------
[###############################################################################################################]   100%
          waiting:         0 / active:         0  / done:         1
---- Flujo PEAK - Tarjetas ---------------------------------------------------------------------------------------------
[###############################################################################################################]   100%
          waiting:         0 / active:         0  / done:         1
========================================================================================================================

Parsing log file(s)...
Parsing log file(s) done in 0s.
Generating reports...
Exception in thread "main" java.lang.UnsupportedOperationException: There were no requests sent during the simulation, reports won't be generated
	at io.gatling.charts.report.ReportsGenerator.generateFor(ReportsGenerator.scala:52)
	at io.gatling.app.RunResultProcessor.generateReports(RunResultProcessor.scala:67)
	at io.gatling.app.RunResultProcessor.processRunResult(RunResultProcessor.scala:38)
	at io.gatling.app.Gatling$.start(Gatling.scala:100)
	at io.gatling.app.Gatling$.fromArgs(Gatling.scala:46)
	at io.gatling.app.Gatling$.main(Gatling.scala:40)
	at io.gatling.app.Gatling.main(Gatling.scala)
