[CONTROL] Iniciando bci.cards.simulation.PublicJsonPlaceholderPostSmokeSimulation
Picked up JAVA_TOOL_OPTIONS: -XX:+UseG1GC -Xms32m -Xmx384m -XX:MaxMetaspaceSize=192m
To honour the JVM settings for this build a single-use Daemon process will be forked. For more on this, please refer to https://docs.gradle.org/8.6/userguide/gradle_daemon.html#sec:disabling_the_daemon in the Gradle documentation.
Daemon will be stopped at the end of the build 
> Task :compileGatlingJava NO-SOURCE

> Task :compileGatlingScala
Picked up JAVA_TOOL_OPTIONS: -XX:+UseG1GC -Xms32m -Xmx384m -XX:MaxMetaspaceSize=192m

> Task :processGatlingResources NO-SOURCE
> Task :gatlingClasses

> Task :gatlingRun
Picked up JAVA_TOOL_OPTIONS: -XX:+UseG1GC -Xms32m -Xmx384m -XX:MaxMetaspaceSize=192m
03:00:37.638 [main] INFO io.gatling.core.config.GatlingConfiguration$ -- Gatling will try to load 'gatling.conf' config file as ClassLoader resource.
03:00:37.737 [main] DEBUG io.netty.util.internal.logging.InternalLoggerFactory -- Using SLF4J as the default logging framework
03:00:37.741 [main] DEBUG io.netty.util.internal.PlatformDependent0 -- Java version: 17
03:00:37.741 [main] DEBUG io.netty.util.internal.PlatformDependent0 -- -Dio.netty.noUnsafe: false
03:00:37.741 [main] DEBUG io.netty.util.internal.PlatformDependent0 -- Thread.isVirtual() is not available: 
03:00:37.742 [main] DEBUG io.netty.util.internal.PlatformDependent0 -- sun.misc.Unsafe.theUnsafe: available
03:00:37.743 [main] DEBUG io.netty.util.internal.PlatformDependent0 -- sun.misc.Unsafe base methods: all available
03:00:37.743 [main] DEBUG io.netty.util.internal.PlatformDependent0 -- java.nio.Buffer.address: available
03:00:37.744 [main] DEBUG io.netty.util.internal.PlatformDependent0 -- direct buffer constructor: unavailable: Reflective setAccessible(true) disabled
03:00:37.744 [main] DEBUG io.netty.util.internal.PlatformDependent0 -- java.nio.Bits.unaligned: available, true
03:00:37.746 [main] DEBUG io.netty.util.internal.PlatformDependent0 -- jdk.internal.misc.Unsafe.allocateUninitializedArray(int): available
03:00:37.747 [main] DEBUG io.netty.util.internal.PlatformDependent0 -- java.nio.DirectByteBuffer.<init>(long, {int,long}): unavailable
03:00:37.747 [main] DEBUG io.netty.util.internal.PlatformDependent -- sun.misc.Unsafe: available
03:00:37.747 [main] DEBUG io.netty.util.internal.PlatformDependent -- -Dio.netty.tmpdir: /tmp (java.io.tmpdir)
03:00:37.747 [main] DEBUG io.netty.util.internal.PlatformDependent -- -Dio.netty.bitMode: 64 (sun.arch.data.model)
03:00:37.747 [main] DEBUG io.netty.util.internal.PlatformDependent -- -Dio.netty.maxDirectMemory: 1073741824 bytes
03:00:37.749 [main] DEBUG io.netty.util.internal.CleanerJava9 -- java.nio.ByteBuffer.cleaner(): available
03:00:37.749 [main] DEBUG io.netty.util.internal.PlatformDependent -- -Dio.netty.noPreferDirect: false
03:00:37.749 [main] DEBUG io.netty.util.internal.PlatformDependent -- -Dio.netty.ignoreExpensiveClean: false
03:00:37.763 [main] DEBUG io.netty.util.internal.PlatformDependent -- -Dio.netty.jfr.enabled: true
03:00:37.766 [main] DEBUG io.netty.util.internal.NativeLibraryLoader -- -Dio.netty.native.workdir: /tmp (io.netty.tmpdir)
03:00:37.766 [main] DEBUG io.netty.util.internal.NativeLibraryLoader -- -Dio.netty.native.deleteLibAfterLoading: true
03:00:37.766 [main] DEBUG io.netty.util.internal.NativeLibraryLoader -- -Dio.netty.native.tryPatchShadedId: true
03:00:37.767 [main] DEBUG io.netty.util.internal.NativeLibraryLoader -- -Dio.netty.native.detectNativeLibraryDuplicates: true
03:00:37.826 [main] DEBUG io.netty.util.internal.NativeLibraryLoader -- Successfully loaded the library /tmp/libnetty_tcnative_linux_x86_649664882429932077889.so
03:00:37.826 [main] DEBUG io.netty.util.internal.NativeLibraryLoader -- Loaded library with name 'netty_tcnative_linux_x86_64'
03:00:37.826 [main] DEBUG io.netty.handler.ssl.OpenSsl -- Initialize netty-tcnative using engine: 'default'
03:00:37.826 [main] DEBUG io.netty.handler.ssl.OpenSsl -- netty-tcnative using native library: BoringSSL
03:00:37.918 [main] DEBUG io.netty.util.ResourceLeakDetector -- -Dio.netty.leakDetection.level: simple
03:00:37.918 [main] DEBUG io.netty.util.ResourceLeakDetector -- -Dio.netty.leakDetection.targetRecords: 4
03:00:37.923 [main] DEBUG io.netty.buffer.AbstractByteBuf -- -Dio.netty.buffer.checkAccessible: true
03:00:37.923 [main] DEBUG io.netty.buffer.AbstractByteBuf -- -Dio.netty.buffer.checkBounds: true
03:00:37.923 [main] DEBUG io.netty.util.ResourceLeakDetectorFactory -- Loaded default ResourceLeakDetector: io.netty.util.ResourceLeakDetector@31ea9581
03:00:37.935 [main] DEBUG io.netty.util.internal.InternalThreadLocalMap -- -Dio.netty.threadLocalMap.stringBuilder.initialSize: 1024
03:00:37.936 [main] DEBUG io.netty.util.internal.InternalThreadLocalMap -- -Dio.netty.threadLocalMap.stringBuilder.maxSize: 4096
03:00:37.937 [main] DEBUG io.netty.buffer.PooledByteBufAllocator -- -Dio.netty.allocator.numHeapArenas: 24
03:00:37.937 [main] DEBUG io.netty.buffer.PooledByteBufAllocator -- -Dio.netty.allocator.numDirectArenas: 24
03:00:37.937 [main] DEBUG io.netty.buffer.PooledByteBufAllocator -- -Dio.netty.allocator.pageSize: 8192
03:00:37.937 [main] DEBUG io.netty.buffer.PooledByteBufAllocator -- -Dio.netty.allocator.maxOrder: 9
03:00:37.937 [main] DEBUG io.netty.buffer.PooledByteBufAllocator -- -Dio.netty.allocator.chunkSize: 4194304
03:00:37.937 [main] DEBUG io.netty.buffer.PooledByteBufAllocator -- -Dio.netty.allocator.smallCacheSize: 256
03:00:37.937 [main] DEBUG io.netty.buffer.PooledByteBufAllocator -- -Dio.netty.allocator.normalCacheSize: 64
03:00:37.937 [main] DEBUG io.netty.buffer.PooledByteBufAllocator -- -Dio.netty.allocator.maxCachedBufferCapacity: 32768
03:00:37.937 [main] DEBUG io.netty.buffer.PooledByteBufAllocator -- -Dio.netty.allocator.cacheTrimInterval: 8192
03:00:37.937 [main] DEBUG io.netty.buffer.PooledByteBufAllocator -- -Dio.netty.allocator.cacheTrimIntervalMillis: 0
03:00:37.937 [main] DEBUG io.netty.buffer.PooledByteBufAllocator -- -Dio.netty.allocator.useCacheForAllThreads: false
03:00:37.938 [main] DEBUG io.netty.buffer.PooledByteBufAllocator -- -Dio.netty.allocator.maxCachedByteBuffersPerChunk: 1023
03:00:37.938 [main] DEBUG io.netty.buffer.PooledByteBufAllocator -- -Dio.netty.allocator.disableCacheFinalizersForFastThreadLocalThreads: false
03:00:37.943 [main] DEBUG io.netty.buffer.ByteBufUtil -- -Dio.netty.allocator.type: pooled
03:00:37.943 [main] DEBUG io.netty.buffer.ByteBufUtil -- -Dio.netty.threadLocalDirectBufferSize: 0
03:00:37.943 [main] DEBUG io.netty.buffer.ByteBufUtil -- -Dio.netty.maxThreadLocalCharBufferSize: 200000
03:00:37.945 [main] DEBUG io.netty.util.ResourceLeakDetectorFactory -- Loaded default ResourceLeakDetector: io.netty.util.ResourceLeakDetector@14bdbc74
03:00:37.949 [main] DEBUG io.netty.util.Recycler -- -Dio.netty.recycler.maxCapacityPerThread: 4096
03:00:37.949 [main] DEBUG io.netty.util.Recycler -- -Dio.netty.recycler.ratio: 8
03:00:37.949 [main] DEBUG io.netty.util.Recycler -- -Dio.netty.recycler.chunkSize: 32
03:00:37.949 [main] DEBUG io.netty.util.Recycler -- -Dio.netty.recycler.blocking: false
03:00:37.949 [main] DEBUG io.netty.util.Recycler -- -Dio.netty.recycler.batchFastThreadLocalOnly: true
03:00:38.037 [main] DEBUG io.netty.handler.ssl.CipherSuiteConverter -- Cipher suite mapping: TLS_ECDHE_ECDSA_WITH_AES_128_GCM_SHA256 => ECDHE-ECDSA-AES128-GCM-SHA256
03:00:38.037 [main] DEBUG io.netty.handler.ssl.CipherSuiteConverter -- Cipher suite mapping: SSL_ECDHE_ECDSA_WITH_AES_128_GCM_SHA256 => ECDHE-ECDSA-AES128-GCM-SHA256
03:00:38.037 [main] DEBUG io.netty.handler.ssl.CipherSuiteConverter -- Cipher suite mapping: TLS_ECDHE_RSA_WITH_AES_128_GCM_SHA256 => ECDHE-RSA-AES128-GCM-SHA256
03:00:38.037 [main] DEBUG io.netty.handler.ssl.CipherSuiteConverter -- Cipher suite mapping: SSL_ECDHE_RSA_WITH_AES_128_GCM_SHA256 => ECDHE-RSA-AES128-GCM-SHA256
03:00:38.037 [main] DEBUG io.netty.handler.ssl.CipherSuiteConverter -- Cipher suite mapping: TLS_ECDHE_ECDSA_WITH_AES_256_GCM_SHA384 => ECDHE-ECDSA-AES256-GCM-SHA384
03:00:38.037 [main] DEBUG io.netty.handler.ssl.CipherSuiteConverter -- Cipher suite mapping: SSL_ECDHE_ECDSA_WITH_AES_256_GCM_SHA384 => ECDHE-ECDSA-AES256-GCM-SHA384
03:00:38.037 [main] DEBUG io.netty.handler.ssl.CipherSuiteConverter -- Cipher suite mapping: TLS_ECDHE_RSA_WITH_AES_256_GCM_SHA384 => ECDHE-RSA-AES256-GCM-SHA384
03:00:38.038 [main] DEBUG io.netty.handler.ssl.CipherSuiteConverter -- Cipher suite mapping: SSL_ECDHE_RSA_WITH_AES_256_GCM_SHA384 => ECDHE-RSA-AES256-GCM-SHA384
03:00:38.038 [main] DEBUG io.netty.handler.ssl.CipherSuiteConverter -- Cipher suite mapping: TLS_ECDHE_ECDSA_WITH_CHACHA20_POLY1305_SHA256 => ECDHE-ECDSA-CHACHA20-POLY1305
03:00:38.038 [main] DEBUG io.netty.handler.ssl.CipherSuiteConverter -- Cipher suite mapping: SSL_ECDHE_ECDSA_WITH_CHACHA20_POLY1305_SHA256 => ECDHE-ECDSA-CHACHA20-POLY1305
03:00:38.038 [main] DEBUG io.netty.handler.ssl.CipherSuiteConverter -- Cipher suite mapping: TLS_ECDHE_RSA_WITH_CHACHA20_POLY1305_SHA256 => ECDHE-RSA-CHACHA20-POLY1305
03:00:38.038 [main] DEBUG io.netty.handler.ssl.CipherSuiteConverter -- Cipher suite mapping: SSL_ECDHE_RSA_WITH_CHACHA20_POLY1305_SHA256 => ECDHE-RSA-CHACHA20-POLY1305
03:00:38.038 [main] DEBUG io.netty.handler.ssl.CipherSuiteConverter -- Cipher suite mapping: TLS_ECDHE_PSK_WITH_CHACHA20_POLY1305_SHA256 => ECDHE-PSK-CHACHA20-POLY1305
03:00:38.038 [main] DEBUG io.netty.handler.ssl.CipherSuiteConverter -- Cipher suite mapping: SSL_ECDHE_PSK_WITH_CHACHA20_POLY1305_SHA256 => ECDHE-PSK-CHACHA20-POLY1305
03:00:38.038 [main] DEBUG io.netty.handler.ssl.CipherSuiteConverter -- Cipher suite mapping: TLS_ECDHE_ECDSA_WITH_AES_128_CBC_SHA => ECDHE-ECDSA-AES128-SHA
03:00:38.038 [main] DEBUG io.netty.handler.ssl.CipherSuiteConverter -- Cipher suite mapping: SSL_ECDHE_ECDSA_WITH_AES_128_CBC_SHA => ECDHE-ECDSA-AES128-SHA
03:00:38.038 [main] DEBUG io.netty.handler.ssl.CipherSuiteConverter -- Cipher suite mapping: TLS_ECDHE_RSA_WITH_AES_128_CBC_SHA => ECDHE-RSA-AES128-SHA
03:00:38.038 [main] DEBUG io.netty.handler.ssl.CipherSuiteConverter -- Cipher suite mapping: SSL_ECDHE_RSA_WITH_AES_128_CBC_SHA => ECDHE-RSA-AES128-SHA
03:00:38.038 [main] DEBUG io.netty.handler.ssl.CipherSuiteConverter -- Cipher suite mapping: TLS_ECDHE_PSK_WITH_AES_128_CBC_SHA => ECDHE-PSK-AES128-CBC-SHA
03:00:38.038 [main] DEBUG io.netty.handler.ssl.CipherSuiteConverter -- Cipher suite mapping: SSL_ECDHE_PSK_WITH_AES_128_CBC_SHA => ECDHE-PSK-AES128-CBC-SHA
03:00:38.038 [main] DEBUG io.netty.handler.ssl.CipherSuiteConverter -- Cipher suite mapping: TLS_ECDHE_ECDSA_WITH_AES_256_CBC_SHA => ECDHE-ECDSA-AES256-SHA
03:00:38.038 [main] DEBUG io.netty.handler.ssl.CipherSuiteConverter -- Cipher suite mapping: SSL_ECDHE_ECDSA_WITH_AES_256_CBC_SHA => ECDHE-ECDSA-AES256-SHA
03:00:38.039 [main] DEBUG io.netty.handler.ssl.CipherSuiteConverter -- Cipher suite mapping: TLS_ECDHE_RSA_WITH_AES_256_CBC_SHA => ECDHE-RSA-AES256-SHA
03:00:38.039 [main] DEBUG io.netty.handler.ssl.CipherSuiteConverter -- Cipher suite mapping: SSL_ECDHE_RSA_WITH_AES_256_CBC_SHA => ECDHE-RSA-AES256-SHA
03:00:38.039 [main] DEBUG io.netty.handler.ssl.CipherSuiteConverter -- Cipher suite mapping: TLS_ECDHE_PSK_WITH_AES_256_CBC_SHA => ECDHE-PSK-AES256-CBC-SHA
03:00:38.039 [main] DEBUG io.netty.handler.ssl.CipherSuiteConverter -- Cipher suite mapping: SSL_ECDHE_PSK_WITH_AES_256_CBC_SHA => ECDHE-PSK-AES256-CBC-SHA
03:00:38.039 [main] DEBUG io.netty.handler.ssl.CipherSuiteConverter -- Cipher suite mapping: TLS_RSA_WITH_AES_128_GCM_SHA256 => AES128-GCM-SHA256
03:00:38.039 [main] DEBUG io.netty.handler.ssl.CipherSuiteConverter -- Cipher suite mapping: SSL_RSA_WITH_AES_128_GCM_SHA256 => AES128-GCM-SHA256
03:00:38.039 [main] DEBUG io.netty.handler.ssl.CipherSuiteConverter -- Cipher suite mapping: TLS_RSA_WITH_AES_256_GCM_SHA384 => AES256-GCM-SHA384
03:00:38.039 [main] DEBUG io.netty.handler.ssl.CipherSuiteConverter -- Cipher suite mapping: SSL_RSA_WITH_AES_256_GCM_SHA384 => AES256-GCM-SHA384
03:00:38.039 [main] DEBUG io.netty.handler.ssl.CipherSuiteConverter -- Cipher suite mapping: TLS_RSA_WITH_AES_128_CBC_SHA => AES128-SHA
03:00:38.039 [main] DEBUG io.netty.handler.ssl.CipherSuiteConverter -- Cipher suite mapping: SSL_RSA_WITH_AES_128_CBC_SHA => AES128-SHA
03:00:38.039 [main] DEBUG io.netty.handler.ssl.CipherSuiteConverter -- Cipher suite mapping: TLS_PSK_WITH_AES_128_CBC_SHA => PSK-AES128-CBC-SHA
03:00:38.040 [main] DEBUG io.netty.handler.ssl.CipherSuiteConverter -- Cipher suite mapping: SSL_PSK_WITH_AES_128_CBC_SHA => PSK-AES128-CBC-SHA
03:00:38.040 [main] DEBUG io.netty.handler.ssl.CipherSuiteConverter -- Cipher suite mapping: TLS_RSA_WITH_AES_256_CBC_SHA => AES256-SHA
03:00:38.040 [main] DEBUG io.netty.handler.ssl.CipherSuiteConverter -- Cipher suite mapping: SSL_RSA_WITH_AES_256_CBC_SHA => AES256-SHA
03:00:38.040 [main] DEBUG io.netty.handler.ssl.CipherSuiteConverter -- Cipher suite mapping: TLS_PSK_WITH_AES_256_CBC_SHA => PSK-AES256-CBC-SHA
03:00:38.040 [main] DEBUG io.netty.handler.ssl.CipherSuiteConverter -- Cipher suite mapping: SSL_PSK_WITH_AES_256_CBC_SHA => PSK-AES256-CBC-SHA
03:00:38.040 [main] DEBUG io.netty.handler.ssl.OpenSsl -- Supported protocols (OpenSSL): [SSLv2Hello, TLSv1, TLSv1.1, TLSv1.2, TLSv1.3] 
03:00:38.040 [main] DEBUG io.netty.handler.ssl.OpenSsl -- Default cipher suites (OpenSSL): [TLS_ECDHE_ECDSA_WITH_AES_256_GCM_SHA384, TLS_ECDHE_ECDSA_WITH_AES_128_GCM_SHA256, TLS_ECDHE_RSA_WITH_AES_128_GCM_SHA256, TLS_ECDHE_RSA_WITH_AES_256_GCM_SHA384, TLS_ECDHE_RSA_WITH_AES_128_CBC_SHA, TLS_ECDHE_RSA_WITH_AES_256_CBC_SHA, TLS_RSA_WITH_AES_128_GCM_SHA256, TLS_RSA_WITH_AES_128_CBC_SHA, TLS_RSA_WITH_AES_256_CBC_SHA, TLS_AES_128_GCM_SHA256, TLS_AES_256_GCM_SHA384, TLS_AES_128_GCM_SHA256, TLS_AES_256_GCM_SHA384, TLS_AES_128_GCM_SHA256, TLS_AES_256_GCM_SHA384, TLS_CHACHA20_POLY1305_SHA256]
03:00:38.104 [main] DEBUG io.netty.util.internal.NativeLibraryLoader -- Successfully loaded the library /tmp/libnetty_transport_native_epoll_x86_643292578428523725351.so
03:00:38.107 [main] DEBUG io.netty.util.NetUtil -- -Djava.net.preferIPv4Stack: false
03:00:38.107 [main] DEBUG io.netty.util.NetUtil -- -Djava.net.preferIPv6Addresses: false
03:00:38.108 [main] DEBUG io.netty.util.NetUtilInitializations -- Loopback interface: lo (lo, 0:0:0:0:0:0:0:1%lo)
03:00:38.109 [main] DEBUG io.netty.util.NetUtil -- /proc/sys/net/core/somaxconn: 4096
03:00:38.114 [main] DEBUG io.netty.channel.MultithreadEventLoopGroup -- -Dio.netty.eventLoopThreads: 24
03:00:38.119 [main] DEBUG io.netty.util.concurrent.GlobalEventExecutor -- -Dio.netty.globalEventExecutor.quietPeriodSeconds: 1
03:00:38.126 [main] DEBUG io.netty.util.internal.PlatformDependent -- org.jctools-core.MpscChunkedArrayQueue: available
Jul 21, 2026 3:00:38 AM java.util.prefs.FileSystemPreferences$1 run
INFO: Created user preferences directory.
03:00:39.417 [main] DEBUG io.gatling.http.engine.HttpEngine -- Start warm up
03:00:39.470 [gatling-1-1] DEBUG io.gatling.http.client.pool.ChannelPool -- No channel in the pool for key ChannelPoolKey{clientId=0, remoteKey=RemoteKey{targetHostBaseUrl='https://gatling.io', proxyHost='null', proxyPort=0}}
03:00:39.505 [gatling-1-1] DEBUG io.gatling.http.client.impl.DefaultHttpClient -- Opening new channel to remote=[gatling.io/198.202.211.1:443] from local=null
03:00:39.510 [gatling-1-1] DEBUG io.netty.channel.DefaultChannelId -- -Dio.netty.processId: 362 (auto-detected)
03:00:39.510 [gatling-1-1] DEBUG io.netty.channel.DefaultChannelId -- -Dio.netty.machineId: 02:42:ac:ff:fe:17:00:02 (auto-detected)
03:00:39.528 [gatling-1-1] DEBUG io.netty.bootstrap.ChannelInitializerExtensions -- -Dio.netty.bootstrap.extensions: null
03:00:39.553 [gatling-1-1] DEBUG io.gatling.http.client.impl.DefaultHttpClient -- Connected to remoteAddress=gatling.io/198.202.211.1:443 from localAddress=/172.23.0.2:39224
03:00:39.554 [gatling-1-1] DEBUG io.gatling.http.client.impl.DefaultHttpClient -- Installing SslHandler for gatling.io:443
03:00:39.564 [gatling-1-1] DEBUG io.netty.util.ResourceLeakDetectorFactory -- Loaded default ResourceLeakDetector: io.netty.util.ResourceLeakDetector@58a5cb19
03:00:39.597 [gatling-1-1] DEBUG io.netty.handler.ssl.util.InsecureTrustManagerFactory -- Accepting a server certificate: CN=gatling.io
03:00:39.598 [gatling-1-1] DEBUG io.gatling.http.client.impl.DefaultHttpClient -- TLS handshake successful: peerHost=gatling.io peerPort=443 protocol=TLSv1.3 cipher suite=TLS_AES_128_GCM_SHA256
03:00:39.601 [gatling-1-1] DEBUG io.gatling.http.client.impl.HttpAppHandler -- Write request WritableRequest{request=DefaultFullHttpRequest(decodeResult: success, version: HTTP/1.1, content: EmptyByteBufBE)
GET / HTTP/1.1
accept: text/html,application/xhtml+xml,application/xml;q=0.9,*/*;q=0.8
accept-language: en-US,en;q=0.5
accept-encoding: gzip
connection: close
user-agent: Mozilla/5.0 (Macintosh; Intel Mac OS X 10.15; rv:109.0) Gecko/20100101 Firefox/119.0
host: gatling.io, content=null}
03:00:39.606 [gatling-1-1] DEBUG io.netty.handler.ssl.SslHandler -- [id: 0x46b0a878, L:/172.23.0.2:39224 - R:gatling.io/198.202.211.1:443] HANDSHAKEN: protocol:TLSv1.3 cipher suite:TLS_AES_128_GCM_SHA256
03:00:39.686 [gatling-1-1] DEBUG io.netty.util.ResourceLeakDetectorFactory -- Loaded default ResourceLeakDetector: io.netty.util.ResourceLeakDetector@1ace05da
03:00:39.691 [gatling-1-1] DEBUG io.netty.handler.codec.compression.ZlibCodecFactory -- -Dio.netty.noJdkZlibDecoder: false
03:00:39.691 [gatling-1-1] DEBUG io.netty.handler.codec.compression.ZlibCodecFactory -- -Dio.netty.noJdkZlibEncoder: false
03:00:39.692 [gatling-1-1] DEBUG io.netty.handler.codec.compression.ZlibCodecFactory -- JZlib not in the classpath; the only window bits supported value will be 15
03:00:39.694 [gatling-1-1] DEBUG io.gatling.http.client.impl.HttpAppHandler -- Read msg='DefaultHttpResponse(decodeResult: success, version: HTTP/1.1)
HTTP/1.1 200 OK
Date: Tue, 21 Jul 2026 03:00:39 GMT
Content-Type: text/html; charset=utf-8
Transfer-Encoding: chunked
Connection: close
set-cookie: _cfuvid=QkXKQ2JY7p1J8ij_D34hG.v9Msyfj5PHZoIYWwzQMUI-1784602839.8696384-1.0.1.1-Kj3mB_stvGuU_OXU__TF0FilLqOKs8Pqk7ls_CW1qpo; HttpOnly; SameSite=None; Secure; Path=/; Domain=gatling.io
CF-Ray: a1e6f4e52c33ddba-SCL
CF-Cache-Status: HIT
Age: 36825
Last-Modified: Mon, 20 Jul 2026 19:58:11 GMT
Link: <https://cdn.prod.website-files.com>; rel=preconnect; crossorigin, <https://cdn.prod.website-files.com/685a8fe4ddca049f26333871/css/gatling-preview.webflow.shared.c41c97f2d.min.css>; rel=preload; as=style; crossorigin; integrity="sha384-xByX8t1htdGii3tmnP5xk5sDBadRR3vk/u1aWBru0RxqtuKA4ytZHRkAh12JqLPz"
Server: cloudflare
Strict-Transport-Security: max-age=31536000
Vary: accept-encoding
surrogate-control: max-age=432000
surrogate-key: gatling.io 685a8fe4ddca049f26333871 pageId:685a8fe4ddca049f26333870 685bbddcda38f942f0e21505 6878c637117d8e2326e74ab7 68809670a5aa1db64a23658c 685bf722e9cfdeb7c4a6feab
x-lambda-id: afe6b9e7-9a9c-4bcd-aed0-ea42692a2144
x-wf-region: us-east-1
alt-svc: h3=":443"; ma=86400
content-encoding: gzip'
03:00:39.696 [gatling-1-1] DEBUG io.gatling.http.client.impl.HttpAppHandler -- Read msg='DefaultHttpContent(data: PooledUnsafeHeapByteBuf(ridx: 0, widx: 66, cap: 316), decoderResult: success)'
03:00:39.697 [gatling-1-1] DEBUG io.gatling.http.client.impl.HttpAppHandler -- Read msg='DefaultHttpContent(data: PooledUnsafeHeapByteBuf(ridx: 0, widx: 4390, cap: 8192), decoderResult: success)'
03:00:39.697 [gatling-1-1] DEBUG io.gatling.http.client.impl.HttpAppHandler -- Read msg='DefaultHttpContent(data: PooledUnsafeHeapByteBuf(ridx: 0, widx: 3134, cap: 4096), decoderResult: success)'
03:00:39.697 [gatling-1-1] DEBUG io.gatling.http.client.impl.HttpAppHandler -- Read msg='DefaultHttpContent(data: PooledUnsafeHeapByteBuf(ridx: 0, widx: 4545, cap: 8192), decoderResult: success)'
03:00:39.698 [gatling-1-1] DEBUG io.gatling.http.client.impl.HttpAppHandler -- Read msg='DefaultHttpContent(data: SimpleLeakAwareByteBuf(PooledUnsafeHeapByteBuf(ridx: 0, widx: 7376, cap: 8192)), decoderResult: success)'
03:00:39.698 [gatling-1-1] DEBUG io.gatling.http.client.impl.HttpAppHandler -- Read msg='DefaultHttpContent(data: PooledUnsafeHeapByteBuf(ridx: 0, widx: 8212, cap: 16384), decoderResult: success)'
03:00:39.699 [gatling-1-1] DEBUG io.gatling.http.client.impl.HttpAppHandler -- Read msg='DefaultHttpContent(data: PooledUnsafeHeapByteBuf(ridx: 0, widx: 8130, cap: 8192), decoderResult: success)'
03:00:39.699 [gatling-1-1] DEBUG io.gatling.http.client.impl.HttpAppHandler -- Read msg='DefaultHttpContent(data: PooledUnsafeHeapByteBuf(ridx: 0, widx: 3308, cap: 4096), decoderResult: success)'
03:00:39.699 [gatling-1-1] DEBUG io.gatling.http.client.impl.HttpAppHandler -- Read msg='DefaultHttpContent(data: PooledUnsafeHeapByteBuf(ridx: 0, widx: 5603, cap: 8192), decoderResult: success)'
03:00:39.699 [gatling-1-1] DEBUG io.gatling.http.client.impl.HttpAppHandler -- Read msg='DefaultHttpContent(data: PooledUnsafeHeapByteBuf(ridx: 0, widx: 10385, cap: 16384), decoderResult: success)'
03:00:39.699 [gatling-1-1] DEBUG io.gatling.http.client.impl.HttpAppHandler -- Read msg='DefaultHttpContent(data: PooledUnsafeHeapByteBuf(ridx: 0, widx: 5769, cap: 8192), decoderResult: success)'
03:00:39.700 [gatling-1-1] DEBUG io.gatling.http.client.impl.HttpAppHandler -- Read msg='DefaultHttpContent(data: PooledUnsafeHeapByteBuf(ridx: 0, widx: 11169, cap: 16384), decoderResult: success)'
03:00:39.700 [gatling-1-1] DEBUG io.gatling.http.client.impl.HttpAppHandler -- Read msg='DefaultHttpContent(data: PooledUnsafeHeapByteBuf(ridx: 0, widx: 22730, cap: 32768), decoderResult: success)'
03:00:39.701 [gatling-1-1] DEBUG io.gatling.http.client.impl.HttpAppHandler -- Read msg='DefaultHttpContent(data: PooledUnsafeHeapByteBuf(ridx: 0, widx: 4195, cap: 8192), decoderResult: success)'
03:00:39.701 [gatling-1-1] DEBUG io.gatling.http.client.impl.HttpAppHandler -- Read msg='DefaultHttpContent(data: PooledUnsafeHeapByteBuf(ridx: 0, widx: 16695, cap: 32768), decoderResult: success)'
03:00:39.701 [gatling-1-1] DEBUG io.gatling.http.client.impl.HttpAppHandler -- Read msg='DefaultHttpContent(data: PooledUnsafeHeapByteBuf(ridx: 0, widx: 8181, cap: 8192), decoderResult: success)'
03:00:39.702 [gatling-1-1] DEBUG io.gatling.http.client.impl.HttpAppHandler -- Read msg='DefaultHttpContent(data: PooledUnsafeHeapByteBuf(ridx: 0, widx: 3531, cap: 4096), decoderResult: success)'
03:00:39.702 [gatling-1-1] DEBUG io.gatling.http.client.impl.HttpAppHandler -- Read msg='DefaultHttpContent(data: PooledUnsafeHeapByteBuf(ridx: 0, widx: 5106, cap: 8192), decoderResult: success)'
03:00:39.702 [gatling-1-1] DEBUG io.gatling.http.client.impl.HttpAppHandler -- Read msg='DefaultHttpContent(data: PooledUnsafeHeapByteBuf(ridx: 0, widx: 5571, cap: 8192), decoderResult: success)'
03:00:39.702 [gatling-1-1] DEBUG io.gatling.http.client.impl.HttpAppHandler -- Read msg='DefaultHttpContent(data: PooledUnsafeHeapByteBuf(ridx: 0, widx: 7602, cap: 8192), decoderResult: success)'
03:00:39.703 [gatling-1-1] DEBUG io.gatling.http.client.impl.HttpAppHandler -- Read msg='DefaultHttpContent(data: PooledUnsafeHeapByteBuf(ridx: 0, widx: 9560, cap: 16384), decoderResult: success)'
03:00:39.703 [gatling-1-1] DEBUG io.gatling.http.client.impl.HttpAppHandler -- Read msg='DefaultHttpContent(data: PooledUnsafeHeapByteBuf(ridx: 0, widx: 11375, cap: 16384), decoderResult: success)'
03:00:39.703 [gatling-1-1] DEBUG io.gatling.http.client.impl.HttpAppHandler -- Read msg='DefaultHttpContent(data: PooledUnsafeHeapByteBuf(ridx: 0, widx: 6331, cap: 8192), decoderResult: success)'
03:00:39.704 [gatling-1-1] DEBUG io.gatling.http.client.impl.HttpAppHandler -- Read msg='DefaultHttpContent(data: PooledUnsafeHeapByteBuf(ridx: 0, widx: 21978, cap: 32768), decoderResult: success)'
03:00:39.704 [gatling-1-1] DEBUG io.gatling.http.client.impl.HttpAppHandler -- Read msg='DefaultHttpContent(data: PooledUnsafeHeapByteBuf(ridx: 0, widx: 22967, cap: 32768), decoderResult: success)'
03:00:39.704 [gatling-1-1] DEBUG io.gatling.http.client.impl.HttpAppHandler -- Read msg='DefaultHttpContent(data: PooledUnsafeHeapByteBuf(ridx: 0, widx: 24586, cap: 32768), decoderResult: success)'
03:00:39.705 [gatling-1-1] DEBUG io.gatling.http.client.impl.HttpAppHandler -- Read msg='DefaultHttpContent(data: PooledUnsafeHeapByteBuf(ridx: 0, widx: 14932, cap: 16384), decoderResult: success)'
03:00:39.705 [gatling-1-1] DEBUG io.gatling.http.client.impl.HttpAppHandler -- Read msg='DefaultHttpContent(data: PooledUnsafeHeapByteBuf(ridx: 0, widx: 4846, cap: 8192), decoderResult: success)'
03:00:39.705 [gatling-1-1] DEBUG io.gatling.http.client.impl.HttpAppHandler -- Read msg='DefaultHttpContent(data: PooledUnsafeHeapByteBuf(ridx: 0, widx: 19564, cap: 32768), decoderResult: success)'
03:00:39.706 [gatling-1-1] DEBUG io.gatling.http.client.impl.HttpAppHandler -- Read msg='DefaultHttpContent(data: PooledUnsafeHeapByteBuf(ridx: 0, widx: 9165, cap: 16384), decoderResult: success)'
03:00:39.706 [gatling-1-1] DEBUG io.gatling.http.client.impl.HttpAppHandler -- Read msg='DefaultHttpContent(data: PooledUnsafeHeapByteBuf(ridx: 0, widx: 11882, cap: 16384), decoderResult: success)'
03:00:39.706 [gatling-1-1] DEBUG io.gatling.http.client.impl.HttpAppHandler -- Read msg='DefaultHttpContent(data: PooledUnsafeHeapByteBuf(ridx: 0, widx: 6432, cap: 8192), decoderResult: success)'
03:00:39.707 [gatling-1-1] DEBUG io.gatling.http.client.impl.HttpAppHandler -- Read msg='DefaultHttpContent(data: PooledUnsafeHeapByteBuf(ridx: 0, widx: 3668, cap: 4096), decoderResult: success)'
03:00:39.707 [gatling-1-1] DEBUG io.gatling.http.client.impl.HttpAppHandler -- Read msg='DefaultHttpContent(data: PooledUnsafeHeapByteBuf(ridx: 0, widx: 3160, cap: 4096), decoderResult: success)'
03:00:39.707 [gatling-1-1] DEBUG io.gatling.http.client.impl.HttpAppHandler -- Read msg='DefaultHttpContent(data: PooledUnsafeHeapByteBuf(ridx: 0, widx: 10893, cap: 16384), decoderResult: success)'
03:00:39.708 [gatling-1-1] DEBUG io.gatling.http.client.impl.HttpAppHandler -- Read msg='DefaultHttpContent(data: PooledUnsafeHeapByteBuf(ridx: 0, widx: 3495, cap: 4096), decoderResult: success)'
03:00:39.708 [gatling-1-1] DEBUG io.gatling.http.client.impl.HttpAppHandler -- Read msg='DefaultHttpContent(data: PooledUnsafeHeapByteBuf(ridx: 0, widx: 4839, cap: 8192), decoderResult: success)'
03:00:39.708 [gatling-1-1] DEBUG io.gatling.http.client.impl.HttpAppHandler -- Read msg='DefaultHttpContent(data: PooledUnsafeHeapByteBuf(ridx: 0, widx: 4416, cap: 8192), decoderResult: success)'
03:00:39.709 [gatling-1-1] DEBUG io.gatling.http.client.impl.HttpAppHandler -- Read msg='DefaultHttpContent(data: PooledUnsafeHeapByteBuf(ridx: 0, widx: 384, cap: 512), decoderResult: success)'
03:00:39.709 [gatling-1-1] DEBUG io.gatling.http.client.impl.HttpAppHandler -- Read msg='EmptyLastHttpContent'
03:00:39.711 [main] DEBUG io.gatling.http.engine.HttpEngine -- Warm up request https://gatling.io successful
03:00:39.712 [main] DEBUG io.gatling.http.engine.HttpEngine -- Warm up done
Simulation bci.cards.simulation.PublicJsonPlaceholderPostSmokeSimulation started...
03:00:39.734 [pool-1-thread-1] DEBUG io.gatling.core.controller.Controller -- Setting up max duration
03:00:39.735 [pool-1-thread-2] INFO io.gatling.core.stats.writer.ConsoleDataWriter -- Initializing
03:00:39.736 [pool-1-thread-3] INFO io.gatling.core.stats.writer.LogFileDataWriter -- Initializing
03:00:39.738 [pool-1-thread-2] INFO io.gatling.core.stats.writer.ConsoleDataWriter -- Initialized
03:00:39.744 [pool-1-thread-4] INFO io.gatling.core.controller.inject.open.OpenWorkload -- Scenario Mock público - JSONPlaceholder POST has finished injecting
03:00:39.745 [pool-1-thread-4] INFO io.gatling.core.controller.inject.Injector -- All scenarios have finished injecting
03:00:39.745 [gatling-1-2] DEBUG io.gatling.core.controller.inject.open.OpenWorkload -- Start user #1
03:00:39.752 [pool-1-thread-3] INFO io.gatling.core.stats.writer.LogFileDataWriter -- Initialized
03:00:39.759 [gatling-1-2] DEBUG io.gatling.http.engine.tx.HttpTxExecutor -- Sending request=POST simulado uri=https://jsonplaceholder.typicode.com/posts: scenario=Mock público - JSONPlaceholder POST, userId=1
03:00:39.761 [gatling-1-2] DEBUG io.gatling.http.client.pool.ChannelPool -- No channel in the pool for key ChannelPoolKey{clientId=1, remoteKey=RemoteKey{targetHostBaseUrl='https://jsonplaceholder.typicode.com', proxyHost='null', proxyPort=0}}
03:00:39.763 [gatling-1-2] DEBUG io.gatling.http.client.impl.DefaultHttpClient -- Opening new channel to remote=[jsonplaceholder.typicode.com/104.21.59.19:443, jsonplaceholder.typicode.com/172.67.167.151:443, jsonplaceholder.typicode.com/[2606:4700:3033:0:0:0:6815:3b13]:443, jsonplaceholder.typicode.com/[2606:4700:3037:0:0:0:ac43:a797]:443] from local=null
03:00:39.819 [gatling-1-2] DEBUG io.gatling.http.client.impl.DefaultHttpClient -- Connected to remoteAddress=jsonplaceholder.typicode.com/104.21.59.19:443 from localAddress=/172.23.0.2:53398
03:00:39.819 [gatling-1-2] DEBUG io.gatling.http.client.impl.DefaultHttpClient -- Installing SslHandler for jsonplaceholder.typicode.com:443
03:00:39.886 [gatling-1-2] DEBUG io.netty.handler.ssl.util.InsecureTrustManagerFactory -- Accepting a server certificate: CN=typicode.com
03:00:39.886 [gatling-1-2] DEBUG io.gatling.http.client.impl.DefaultHttpClient -- TLS handshake successful: peerHost=jsonplaceholder.typicode.com peerPort=443 protocol=TLSv1.3 cipher suite=TLS_AES_128_GCM_SHA256
03:00:39.887 [gatling-1-2] DEBUG io.gatling.http.client.impl.HttpAppHandler -- Write request WritableRequest{request=DefaultFullHttpRequest(decodeResult: success, version: HTTP/1.1, content: UnpooledHeapByteBuf(ridx: 0, widx: 63, cap: 63/63))
POST /posts HTTP/1.1
content-type: application/json
accept: application/json
user-agent: gatling-control-center-smoke/1.0
host: jsonplaceholder.typicode.com
content-length: 63, content=null}
03:00:39.888 [gatling-1-2] DEBUG io.netty.handler.ssl.SslHandler -- [id: 0x2350be9d, L:/172.23.0.2:53398 - R:jsonplaceholder.typicode.com/104.21.59.19:443] HANDSHAKEN: protocol:TLSv1.3 cipher suite:TLS_AES_128_GCM_SHA256
03:00:40.069 [gatling-1-2] DEBUG io.netty.handler.codec.compression.Zstd -- zstd-jni not in the classpath; Zstd support will be unavailable.
03:00:40.069 [gatling-1-2] DEBUG io.gatling.http.client.impl.HttpAppHandler -- Read msg='DefaultHttpResponse(decodeResult: success, version: HTTP/1.1)
HTTP/1.1 201 Created
Date: Tue, 21 Jul 2026 03:00:40 GMT
Content-Type: application/json; charset=utf-8
Content-Length: 89
Connection: keep-alive
access-control-allow-credentials: true
access-control-expose-headers: Location
Cache-Control: no-cache
etag: W/"59-b5Eajz4NhqQtU616PC57soFsOlY"
expires: -1
location: https://jsonplaceholder.typicode.com/posts/101
nel: {"report_to":"heroku-nel","response_headers":["Via"],"max_age":3600,"success_fraction":0.01,"failure_fraction":0.1}
pragma: no-cache
report-to: {"group":"heroku-nel","endpoints":[{"url":"https://nel.heroku.com/reports?s=JDKfcNhi4ySsRGO3EOKHH1oakNMyOWZMTOC8qbsjcaI%3D\u0026sid=e11707d5-02a7-43ef-b45e-2cf4d2036f7d\u0026ts=1784602840"}],"max_age":3600}
reporting-endpoints: heroku-nel="https://nel.heroku.com/reports?s=JDKfcNhi4ySsRGO3EOKHH1oakNMyOWZMTOC8qbsjcaI%3D&sid=e11707d5-02a7-43ef-b45e-2cf4d2036f7d&ts=1784602840"
Server: cloudflare
vary: Origin, X-HTTP-Method-Override, Accept-Encoding
via: 2.0 heroku-router
x-content-type-options: nosniff
x-powered-by: Express
x-ratelimit-limit: 1000
x-ratelimit-remaining: 999
x-ratelimit-reset: 1784602878
cf-cache-status: DYNAMIC
CF-RAY: a1e6f4e70a0da4db-GRU
alt-svc: h3=":443"; ma=86400'
03:00:40.069 [gatling-1-2] DEBUG io.gatling.http.client.impl.HttpAppHandler -- Read msg='DefaultLastHttpContent(data: PooledSlicedByteBuf(ridx: 0, widx: 89, cap: 89/89, unwrapped: PooledUnsafeDirectByteBuf(ridx: 1314, widx: 1314, cap: 1336)), decoderResult: success)'
03:00:40.070 [gatling-1-2] DEBUG io.gatling.http.client.pool.ChannelPool -- Offering channel entry ChannelPoolKey{clientId=1, remoteKey=RemoteKey{targetHostBaseUrl='https://jsonplaceholder.typicode.com', proxyHost='null', proxyPort=0}} to pool
03:00:40.108 [gatling-1-2] DEBUG io.gatling.core.action.Exit -- End user #1
03:00:40.110 [pool-1-thread-8] DEBUG io.gatling.core.controller.inject.Injector -- End user #Mock público - JSONPlaceholder POST
03:00:40.111 [pool-1-thread-8] INFO io.gatling.core.controller.inject.Injector -- All users of scenario Mock público - JSONPlaceholder POST are stopped
03:00:40.111 [pool-1-thread-8] INFO io.gatling.core.controller.inject.Injector -- Stopping
03:00:40.112 [pool-1-thread-11] INFO io.gatling.core.controller.Controller -- Injector has stopped, initiating graceful stop

========================================================================================================================
2026-07-21 03:00:40 GMT                                                                               0s elapsed
---- Requests -----------------------------------------------------------------------|---Total---|-----OK----|----KO----
> Global                                                                             |         1 |         1 |         0
> POST simulado                                                                      |         1 |         1 |         0

---- Mock público - JSONPlaceholder POST -------------------------------------------------------------------------------
[###############################################################################################################]   100%
          waiting:         0 / active:         0  / done:         1
========================================================================================================================

03:00:40.127 [pool-1-thread-4] DEBUG io.gatling.core.controller.Controller -- StatsEngine was stopped
03:00:40.127 [main] INFO io.gatling.app.Runner -- Simulation bci.cards.simulation.PublicJsonPlaceholderPostSmokeSimulation completed in 0 seconds
03:00:40.132 [gatling-1-1] DEBUG io.netty.buffer.PoolThreadCache -- Freed 21 thread-local buffer(s) from thread: gatling-1-1
03:00:40.132 [gatling-1-2] DEBUG io.netty.buffer.PoolThreadCache -- Freed 12 thread-local buffer(s) from thread: gatling-1-2
Parsing log file(s)...
03:00:40.143 [main] INFO io.gatling.charts.stats.LogFileReader$ -- Collected /app/gatling-runner/build/reports/gatling/publicjsonplaceholderpostsmokesimulation-20260721030039368/simulation.log from publicjsonplaceholderpostsmokesimulation-20260721030039368
03:00:40.146 [main] INFO io.gatling.charts.stats.FirstPassParser -- First pass
03:00:40.151 [main] INFO io.gatling.charts.stats.FirstPassParser -- First pass done: read 5 records
03:00:40.159 [main] INFO io.gatling.charts.stats.SecondPassParser -- Second pass
03:00:40.173 [main] INFO io.gatling.charts.stats.SecondPassParser -- Second pass: read 5 records
Parsing log file(s) done in 0s.
Generating reports...

========================================================================================================================
---- Global Information -------------------------------------------------------------|---Total---|-----OK----|----KO----
> request count                                                                      |         1 |         1 |         -
> min response time (ms)                                                             |       308 |       308 |         -
> max response time (ms)                                                             |       308 |       308 |         -
> mean response time (ms)                                                            |       308 |       308 |         -
> response time std deviation (ms)                                                   |         0 |         0 |         -
> response time 50th percentile (ms)                                                 |       308 |       308 |         -
> response time 75th percentile (ms)                                                 |       308 |       308 |         -
> response time 95th percentile (ms)                                                 |       308 |       308 |         -
> response time 99th percentile (ms)                                                 |       308 |       308 |         -
> mean throughput (rps)                                                              |         1 |         1 |         -
---- Response Time Distribution ----------------------------------------------------------------------------------------
> OK: t < 800 ms                                                                                              1   (100%)
> OK: 800 ms <= t < 1200 ms                                                                                   0     (0%)
> OK: t >= 1200 ms                                                                                            0     (0%)
> KO                                                                                                          0     (0%)
========================================================================================================================

Reports generated, please open the following file: file:///app/gatling-runner/build/reports/gatling/publicjsonplaceholderpostsmokesimulation-20260721030039368/index.html
Global: count of failed events is 0.0 : true (actual : 0.0)
Global: max of response time is less than 10000.0 : true (actual : 308.0)

BUILD SUCCESSFUL in 23s
2 actionable tasks: 2 executed
[CONTROL] Reporte HTML agregado a results/gatling-report/index.html
[CONTROL] Estado final: SUCCEEDED
